<?xml version="1.0" encoding="UTF-8"?>
<!-- Generated by org.testng.reporters.JUnitReportReporter -->
<testsuite hostname="LAPTOP-SABMBR64" failures="0" tests="1" name="pack1.Second" time="0.009" errors="0" timestamp="2021-02-05T17:00:19 IST" skipped="0">
  <testcase classname="pack1.Second" name="a1" time="0.009"/>
  <system-out/>
</testsuite> <!-- pack1.Second -->
