<?xml version="1.0" encoding="UTF-8"?>
<!-- Generated by org.testng.reporters.JUnitReportReporter -->
<testsuite hostname="LAPTOP-SABMBR64" failures="0" tests="2" name="pack1.First" time="0.702" errors="0" timestamp="2021-02-05T20:01:15 IST" skipped="0">
  <testcase classname="pack1.First" name="m3" time="0.179"/>
  <system-out/>
  <testcase classname="pack1.First" name="m2" time="0.523"/>
  <system-out/>
</testsuite> <!-- pack1.First -->
